<?xml version="1.0" encoding="UTF-8"?>
<testsuite xmlns:xsi="http://www.w3.org/2001/XMLSchema-instance" xsi:noNamespaceSchemaLocation="https://maven.apache.org/surefire/maven-surefire-plugin/xsd/surefire-test-report-3.0.xsd" version="3.0" name="org.example.test.DockerizedWiremockTest" time="1.929" tests="2" errors="0" skipped="0" failures="0">
  <properties>
    <property name="java.specification.version" value="23"/>
    <property name="sun.cpu.isalist" value="amd64"/>
    <property name="sun.jnu.encoding" value="Cp1252"/>
    <property name="java.class.path" value="C:\Users\AMD\IdeaProjects\wiremock-test-project\target\test-classes;C:\Users\AMD\IdeaProjects\wiremock-test-project\target\classes;C:\Users\AMD\.m2\repository\org\wiremock\wiremock\3.3.1\wiremock-3.3.1.jar;C:\Users\AMD\.m2\repository\org\eclipse\jetty\jetty-server\11.0.18\jetty-server-11.0.18.jar;C:\Users\AMD\.m2\repository\org\eclipse\jetty\toolchain\jetty-jakarta-servlet-api\5.0.2\jetty-jakarta-servlet-api-5.0.2.jar;C:\Users\AMD\.m2\repository\org\eclipse\jetty\jetty-http\11.0.18\jetty-http-11.0.18.jar;C:\Users\AMD\.m2\repository\org\eclipse\jetty\jetty-io\11.0.18\jetty-io-11.0.18.jar;C:\Users\AMD\.m2\repository\org\eclipse\jetty\jetty-servlet\11.0.18\jetty-servlet-11.0.18.jar;C:\Users\AMD\.m2\repository\org\eclipse\jetty\jetty-security\11.0.18\jetty-security-11.0.18.jar;C:\Users\AMD\.m2\repository\org\eclipse\jetty\jetty-servlets\11.0.18\jetty-servlets-11.0.18.jar;C:\Users\AMD\.m2\repository\org\eclipse\jetty\jetty-util\11.0.18\jetty-util-11.0.18.jar;C:\Users\AMD\.m2\repository\org\eclipse\jetty\jetty-webapp\11.0.18\jetty-webapp-11.0.18.jar;C:\Users\AMD\.m2\repository\org\eclipse\jetty\jetty-xml\11.0.18\jetty-xml-11.0.18.jar;C:\Users\AMD\.m2\repository\org\eclipse\jetty\jetty-proxy\11.0.18\jetty-proxy-11.0.18.jar;C:\Users\AMD\.m2\repository\org\eclipse\jetty\jetty-client\11.0.18\jetty-client-11.0.18.jar;C:\Users\AMD\.m2\repository\org\eclipse\jetty\http2\http2-server\11.0.18\http2-server-11.0.18.jar;C:\Users\AMD\.m2\repository\org\eclipse\jetty\http2\http2-common\11.0.18\http2-common-11.0.18.jar;C:\Users\AMD\.m2\repository\org\eclipse\jetty\http2\http2-hpack\11.0.18\http2-hpack-11.0.18.jar;C:\Users\AMD\.m2\repository\org\eclipse\jetty\jetty-alpn-server\11.0.18\jetty-alpn-server-11.0.18.jar;C:\Users\AMD\.m2\repository\org\eclipse\jetty\jetty-alpn-java-server\11.0.18\jetty-alpn-java-server-11.0.18.jar;C:\Users\AMD\.m2\repository\org\eclipse\jetty\jetty-alpn-java-client\11.0.18\jetty-alpn-java-client-11.0.18.jar;C:\Users\AMD\.m2\repository\org\eclipse\jetty\jetty-alpn-client\11.0.18\jetty-alpn-client-11.0.18.jar;C:\Users\AMD\.m2\repository\com\google\guava\guava\32.1.3-jre\guava-32.1.3-jre.jar;C:\Users\AMD\.m2\repository\com\google\guava\failureaccess\1.0.1\failureaccess-1.0.1.jar;C:\Users\AMD\.m2\repository\com\google\guava\listenablefuture\9999.0-empty-to-avoid-conflict-with-guava\listenablefuture-9999.0-empty-to-avoid-conflict-with-guava.jar;C:\Users\AMD\.m2\repository\org\checkerframework\checker-qual\3.37.0\checker-qual-3.37.0.jar;C:\Users\AMD\.m2\repository\com\google\errorprone\error_prone_annotations\2.21.1\error_prone_annotations-2.21.1.jar;C:\Users\AMD\.m2\repository\com\google\j2objc\j2objc-annotations\2.8\j2objc-annotations-2.8.jar;C:\Users\AMD\.m2\repository\com\fasterxml\jackson\core\jackson-core\2.15.3\jackson-core-2.15.3.jar;C:\Users\AMD\.m2\repository\com\fasterxml\jackson\core\jackson-annotations\2.15.3\jackson-annotations-2.15.3.jar;C:\Users\AMD\.m2\repository\com\fasterxml\jackson\datatype\jackson-datatype-jsr310\2.15.3\jackson-datatype-jsr310-2.15.3.jar;C:\Users\AMD\.m2\repository\org\apache\httpcomponents\client5\httpclient5\5.2.1\httpclient5-5.2.1.jar;C:\Users\AMD\.m2\repository\org\apache\httpcomponents\core5\httpcore5\5.2\httpcore5-5.2.jar;C:\Users\AMD\.m2\repository\org\apache\httpcomponents\core5\httpcore5-h2\5.2\httpcore5-h2-5.2.jar;C:\Users\AMD\.m2\repository\org\xmlunit\xmlunit-core\2.9.1\xmlunit-core-2.9.1.jar;C:\Users\AMD\.m2\repository\jakarta\xml\bind\jakarta.xml.bind-api\2.3.3\jakarta.xml.bind-api-2.3.3.jar;C:\Users\AMD\.m2\repository\jakarta\activation\jakarta.activation-api\1.2.2\jakarta.activation-api-1.2.2.jar;C:\Users\AMD\.m2\repository\org\xmlunit\xmlunit-legacy\2.9.1\xmlunit-legacy-2.9.1.jar;C:\Users\AMD\.m2\repository\org\xmlunit\xmlunit-placeholders\2.9.1\xmlunit-placeholders-2.9.1.jar;C:\Users\AMD\.m2\repository\net\javacrumbs\json-unit\json-unit-core\2.38.0\json-unit-core-2.38.0.jar;C:\Users\AMD\.m2\repository\org\hamcrest\hamcrest-core\2.2\hamcrest-core-2.2.jar;C:\Users\AMD\.m2\repository\com\jayway\jsonpath\json-path\2.8.0\json-path-2.8.0.jar;C:\Users\AMD\.m2\repository\net\minidev\json-smart\2.4.10\json-smart-2.4.10.jar;C:\Users\AMD\.m2\repository\net\minidev\accessors-smart\2.4.9\accessors-smart-2.4.9.jar;C:\Users\AMD\.m2\repository\org\ow2\asm\asm\9.6\asm-9.6.jar;C:\Users\AMD\.m2\repository\net\sf\jopt-simple\jopt-simple\5.0.4\jopt-simple-5.0.4.jar;C:\Users\AMD\.m2\repository\org\apache\commons\commons-lang3\3.13.0\commons-lang3-3.13.0.jar;C:\Users\AMD\.m2\repository\com\github\jknack\handlebars\4.3.1\handlebars-4.3.1.jar;C:\Users\AMD\.m2\repository\com\github\jknack\handlebars-helpers\4.3.1\handlebars-helpers-4.3.1.jar;C:\Users\AMD\.m2\repository\commons-fileupload\commons-fileupload\1.5\commons-fileupload-1.5.jar;C:\Users\AMD\.m2\repository\commons-io\commons-io\2.15.0\commons-io-2.15.0.jar;C:\Users\AMD\.m2\repository\com\networknt\json-schema-validator\1.0.87\json-schema-validator-1.0.87.jar;C:\Users\AMD\.m2\repository\com\ethlo\time\itu\1.7.0\itu-1.7.0.jar;C:\Users\AMD\.m2\repository\com\fasterxml\jackson\dataformat\jackson-dataformat-yaml\2.15.2\jackson-dataformat-yaml-2.15.2.jar;C:\Users\AMD\.m2\repository\org\yaml\snakeyaml\2.0\snakeyaml-2.0.jar;C:\Users\AMD\.m2\repository\org\testng\testng\7.8.0\testng-7.8.0.jar;C:\Users\AMD\.m2\repository\com\beust\jcommander\1.82\jcommander-1.82.jar;C:\Users\AMD\.m2\repository\org\webjars\jquery\3.6.1\jquery-3.6.1.jar;C:\Users\AMD\.m2\repository\io\rest-assured\rest-assured\5.3.2\rest-assured-5.3.2.jar;C:\Users\AMD\.m2\repository\org\apache\groovy\groovy\4.0.11\groovy-4.0.11.jar;C:\Users\AMD\.m2\repository\org\apache\groovy\groovy-xml\4.0.11\groovy-xml-4.0.11.jar;C:\Users\AMD\.m2\repository\org\apache\httpcomponents\httpmime\4.5.13\httpmime-4.5.13.jar;C:\Users\AMD\.m2\repository\org\hamcrest\hamcrest\2.2\hamcrest-2.2.jar;C:\Users\AMD\.m2\repository\org\ccil\cowan\tagsoup\tagsoup\1.2.1\tagsoup-1.2.1.jar;C:\Users\AMD\.m2\repository\io\rest-assured\json-path\5.3.2\json-path-5.3.2.jar;C:\Users\AMD\.m2\repository\org\apache\groovy\groovy-json\4.0.11\groovy-json-4.0.11.jar;C:\Users\AMD\.m2\repository\io\rest-assured\rest-assured-common\5.3.2\rest-assured-common-5.3.2.jar;C:\Users\AMD\.m2\repository\io\rest-assured\xml-path\5.3.2\xml-path-5.3.2.jar;C:\Users\AMD\.m2\repository\com\fasterxml\jackson\core\jackson-databind\2.15.2\jackson-databind-2.15.2.jar;C:\Users\AMD\.m2\repository\org\apache\httpcomponents\httpclient\4.5.13\httpclient-4.5.13.jar;C:\Users\AMD\.m2\repository\org\apache\httpcomponents\httpcore\4.4.13\httpcore-4.4.13.jar;C:\Users\AMD\.m2\repository\commons-logging\commons-logging\1.2\commons-logging-1.2.jar;C:\Users\AMD\.m2\repository\commons-codec\commons-codec\1.11\commons-codec-1.11.jar;C:\Users\AMD\.m2\repository\org\slf4j\slf4j-api\2.0.9\slf4j-api-2.0.9.jar;C:\Users\AMD\.m2\repository\org\slf4j\slf4j-simple\2.0.9\slf4j-simple-2.0.9.jar;"/>
    <property name="java.vm.vendor" value="Oracle Corporation"/>
    <property name="sun.arch.data.model" value="64"/>
    <property name="user.variant" value=""/>
    <property name="java.vendor.url" value="https://java.oracle.com/"/>
    <property name="user.timezone" value="Asia/Calcutta"/>
    <property name="os.name" value="Windows 10"/>
    <property name="java.vm.specification.version" value="23"/>
    <property name="sun.java.launcher" value="SUN_STANDARD"/>
    <property name="user.country" value="IN"/>
    <property name="sun.boot.library.path" value="C:\Program Files\Java\jdk-23\bin"/>
    <property name="sun.java.command" value="C:\Users\AMD\AppData\Local\Temp\surefire18398488614451666403\surefirebooter-20250519193448856_3.jar C:\Users\AMD\AppData\Local\Temp\surefire18398488614451666403 2025-05-19T19-34-48_601-jvmRun1 surefire-20250519193448856_1tmp surefire_0-20250519193448856_2tmp"/>
    <property name="jdk.debug" value="release"/>
    <property name="test" value="DockerizedWiremockTest"/>
    <property name="surefire.test.class.path" value="C:\Users\AMD\IdeaProjects\wiremock-test-project\target\test-classes;C:\Users\AMD\IdeaProjects\wiremock-test-project\target\classes;C:\Users\AMD\.m2\repository\org\wiremock\wiremock\3.3.1\wiremock-3.3.1.jar;C:\Users\AMD\.m2\repository\org\eclipse\jetty\jetty-server\11.0.18\jetty-server-11.0.18.jar;C:\Users\AMD\.m2\repository\org\eclipse\jetty\toolchain\jetty-jakarta-servlet-api\5.0.2\jetty-jakarta-servlet-api-5.0.2.jar;C:\Users\AMD\.m2\repository\org\eclipse\jetty\jetty-http\11.0.18\jetty-http-11.0.18.jar;C:\Users\AMD\.m2\repository\org\eclipse\jetty\jetty-io\11.0.18\jetty-io-11.0.18.jar;C:\Users\AMD\.m2\repository\org\eclipse\jetty\jetty-servlet\11.0.18\jetty-servlet-11.0.18.jar;C:\Users\AMD\.m2\repository\org\eclipse\jetty\jetty-security\11.0.18\jetty-security-11.0.18.jar;C:\Users\AMD\.m2\repository\org\eclipse\jetty\jetty-servlets\11.0.18\jetty-servlets-11.0.18.jar;C:\Users\AMD\.m2\repository\org\eclipse\jetty\jetty-util\11.0.18\jetty-util-11.0.18.jar;C:\Users\AMD\.m2\repository\org\eclipse\jetty\jetty-webapp\11.0.18\jetty-webapp-11.0.18.jar;C:\Users\AMD\.m2\repository\org\eclipse\jetty\jetty-xml\11.0.18\jetty-xml-11.0.18.jar;C:\Users\AMD\.m2\repository\org\eclipse\jetty\jetty-proxy\11.0.18\jetty-proxy-11.0.18.jar;C:\Users\AMD\.m2\repository\org\eclipse\jetty\jetty-client\11.0.18\jetty-client-11.0.18.jar;C:\Users\AMD\.m2\repository\org\eclipse\jetty\http2\http2-server\11.0.18\http2-server-11.0.18.jar;C:\Users\AMD\.m2\repository\org\eclipse\jetty\http2\http2-common\11.0.18\http2-common-11.0.18.jar;C:\Users\AMD\.m2\repository\org\eclipse\jetty\http2\http2-hpack\11.0.18\http2-hpack-11.0.18.jar;C:\Users\AMD\.m2\repository\org\eclipse\jetty\jetty-alpn-server\11.0.18\jetty-alpn-server-11.0.18.jar;C:\Users\AMD\.m2\repository\org\eclipse\jetty\jetty-alpn-java-server\11.0.18\jetty-alpn-java-server-11.0.18.jar;C:\Users\AMD\.m2\repository\org\eclipse\jetty\jetty-alpn-java-client\11.0.18\jetty-alpn-java-client-11.0.18.jar;C:\Users\AMD\.m2\repository\org\eclipse\jetty\jetty-alpn-client\11.0.18\jetty-alpn-client-11.0.18.jar;C:\Users\AMD\.m2\repository\com\google\guava\guava\32.1.3-jre\guava-32.1.3-jre.jar;C:\Users\AMD\.m2\repository\com\google\guava\failureaccess\1.0.1\failureaccess-1.0.1.jar;C:\Users\AMD\.m2\repository\com\google\guava\listenablefuture\9999.0-empty-to-avoid-conflict-with-guava\listenablefuture-9999.0-empty-to-avoid-conflict-with-guava.jar;C:\Users\AMD\.m2\repository\org\checkerframework\checker-qual\3.37.0\checker-qual-3.37.0.jar;C:\Users\AMD\.m2\repository\com\google\errorprone\error_prone_annotations\2.21.1\error_prone_annotations-2.21.1.jar;C:\Users\AMD\.m2\repository\com\google\j2objc\j2objc-annotations\2.8\j2objc-annotations-2.8.jar;C:\Users\AMD\.m2\repository\com\fasterxml\jackson\core\jackson-core\2.15.3\jackson-core-2.15.3.jar;C:\Users\AMD\.m2\repository\com\fasterxml\jackson\core\jackson-annotations\2.15.3\jackson-annotations-2.15.3.jar;C:\Users\AMD\.m2\repository\com\fasterxml\jackson\datatype\jackson-datatype-jsr310\2.15.3\jackson-datatype-jsr310-2.15.3.jar;C:\Users\AMD\.m2\repository\org\apache\httpcomponents\client5\httpclient5\5.2.1\httpclient5-5.2.1.jar;C:\Users\AMD\.m2\repository\org\apache\httpcomponents\core5\httpcore5\5.2\httpcore5-5.2.jar;C:\Users\AMD\.m2\repository\org\apache\httpcomponents\core5\httpcore5-h2\5.2\httpcore5-h2-5.2.jar;C:\Users\AMD\.m2\repository\org\xmlunit\xmlunit-core\2.9.1\xmlunit-core-2.9.1.jar;C:\Users\AMD\.m2\repository\jakarta\xml\bind\jakarta.xml.bind-api\2.3.3\jakarta.xml.bind-api-2.3.3.jar;C:\Users\AMD\.m2\repository\jakarta\activation\jakarta.activation-api\1.2.2\jakarta.activation-api-1.2.2.jar;C:\Users\AMD\.m2\repository\org\xmlunit\xmlunit-legacy\2.9.1\xmlunit-legacy-2.9.1.jar;C:\Users\AMD\.m2\repository\org\xmlunit\xmlunit-placeholders\2.9.1\xmlunit-placeholders-2.9.1.jar;C:\Users\AMD\.m2\repository\net\javacrumbs\json-unit\json-unit-core\2.38.0\json-unit-core-2.38.0.jar;C:\Users\AMD\.m2\repository\org\hamcrest\hamcrest-core\2.2\hamcrest-core-2.2.jar;C:\Users\AMD\.m2\repository\com\jayway\jsonpath\json-path\2.8.0\json-path-2.8.0.jar;C:\Users\AMD\.m2\repository\net\minidev\json-smart\2.4.10\json-smart-2.4.10.jar;C:\Users\AMD\.m2\repository\net\minidev\accessors-smart\2.4.9\accessors-smart-2.4.9.jar;C:\Users\AMD\.m2\repository\org\ow2\asm\asm\9.6\asm-9.6.jar;C:\Users\AMD\.m2\repository\net\sf\jopt-simple\jopt-simple\5.0.4\jopt-simple-5.0.4.jar;C:\Users\AMD\.m2\repository\org\apache\commons\commons-lang3\3.13.0\commons-lang3-3.13.0.jar;C:\Users\AMD\.m2\repository\com\github\jknack\handlebars\4.3.1\handlebars-4.3.1.jar;C:\Users\AMD\.m2\repository\com\github\jknack\handlebars-helpers\4.3.1\handlebars-helpers-4.3.1.jar;C:\Users\AMD\.m2\repository\commons-fileupload\commons-fileupload\1.5\commons-fileupload-1.5.jar;C:\Users\AMD\.m2\repository\commons-io\commons-io\2.15.0\commons-io-2.15.0.jar;C:\Users\AMD\.m2\repository\com\networknt\json-schema-validator\1.0.87\json-schema-validator-1.0.87.jar;C:\Users\AMD\.m2\repository\com\ethlo\time\itu\1.7.0\itu-1.7.0.jar;C:\Users\AMD\.m2\repository\com\fasterxml\jackson\dataformat\jackson-dataformat-yaml\2.15.2\jackson-dataformat-yaml-2.15.2.jar;C:\Users\AMD\.m2\repository\org\yaml\snakeyaml\2.0\snakeyaml-2.0.jar;C:\Users\AMD\.m2\repository\org\testng\testng\7.8.0\testng-7.8.0.jar;C:\Users\AMD\.m2\repository\com\beust\jcommander\1.82\jcommander-1.82.jar;C:\Users\AMD\.m2\repository\org\webjars\jquery\3.6.1\jquery-3.6.1.jar;C:\Users\AMD\.m2\repository\io\rest-assured\rest-assured\5.3.2\rest-assured-5.3.2.jar;C:\Users\AMD\.m2\repository\org\apache\groovy\groovy\4.0.11\groovy-4.0.11.jar;C:\Users\AMD\.m2\repository\org\apache\groovy\groovy-xml\4.0.11\groovy-xml-4.0.11.jar;C:\Users\AMD\.m2\repository\org\apache\httpcomponents\httpmime\4.5.13\httpmime-4.5.13.jar;C:\Users\AMD\.m2\repository\org\hamcrest\hamcrest\2.2\hamcrest-2.2.jar;C:\Users\AMD\.m2\repository\org\ccil\cowan\tagsoup\tagsoup\1.2.1\tagsoup-1.2.1.jar;C:\Users\AMD\.m2\repository\io\rest-assured\json-path\5.3.2\json-path-5.3.2.jar;C:\Users\AMD\.m2\repository\org\apache\groovy\groovy-json\4.0.11\groovy-json-4.0.11.jar;C:\Users\AMD\.m2\repository\io\rest-assured\rest-assured-common\5.3.2\rest-assured-common-5.3.2.jar;C:\Users\AMD\.m2\repository\io\rest-assured\xml-path\5.3.2\xml-path-5.3.2.jar;C:\Users\AMD\.m2\repository\com\fasterxml\jackson\core\jackson-databind\2.15.2\jackson-databind-2.15.2.jar;C:\Users\AMD\.m2\repository\org\apache\httpcomponents\httpclient\4.5.13\httpclient-4.5.13.jar;C:\Users\AMD\.m2\repository\org\apache\httpcomponents\httpcore\4.4.13\httpcore-4.4.13.jar;C:\Users\AMD\.m2\repository\commons-logging\commons-logging\1.2\commons-logging-1.2.jar;C:\Users\AMD\.m2\repository\commons-codec\commons-codec\1.11\commons-codec-1.11.jar;C:\Users\AMD\.m2\repository\org\slf4j\slf4j-api\2.0.9\slf4j-api-2.0.9.jar;C:\Users\AMD\.m2\repository\org\slf4j\slf4j-simple\2.0.9\slf4j-simple-2.0.9.jar;"/>
    <property name="sun.cpu.endian" value="little"/>
    <property name="user.home" value="C:\Users\AMD"/>
    <property name="user.language" value="en"/>
    <property name="java.specification.vendor" value="Oracle Corporation"/>
    <property name="java.version.date" value="2025-01-21"/>
    <property name="java.home" value="C:\Program Files\Java\jdk-23"/>
    <property name="file.separator" value="\"/>
    <property name="basedir" value="C:\Users\AMD\IdeaProjects\wiremock-test-project"/>
    <property name="java.vm.compressedOopsMode" value="Zero based"/>
    <property name="line.separator" value="&#10;"/>
    <property name="java.vm.specification.vendor" value="Oracle Corporation"/>
    <property name="java.specification.name" value="Java Platform API Specification"/>
    <property name="surefire.real.class.path" value="C:\Users\AMD\AppData\Local\Temp\surefire18398488614451666403\surefirebooter-20250519193448856_3.jar"/>
    <property name="user.script" value=""/>
    <property name="sun.management.compiler" value="HotSpot 64-Bit Tiered Compilers"/>
    <property name="java.runtime.version" value="23.0.2+7-58"/>
    <property name="user.name" value="AMD"/>
    <property name="stdout.encoding" value="Cp1252"/>
    <property name="path.separator" value=";"/>
    <property name="os.version" value="10.0"/>
    <property name="java.runtime.name" value="Java(TM) SE Runtime Environment"/>
    <property name="file.encoding" value="UTF-8"/>
    <property name="java.vm.name" value="Java HotSpot(TM) 64-Bit Server VM"/>
    <property name="localRepository" value="C:\Users\AMD\.m2\repository"/>
    <property name="java.vendor.url.bug" value="https://bugreport.java.com/bugreport/"/>
    <property name="java.io.tmpdir" value="C:\Users\AMD\AppData\Local\Temp\"/>
    <property name="java.version" value="23.0.2"/>
    <property name="user.dir" value="C:\Users\AMD\IdeaProjects\wiremock-test-project"/>
    <property name="os.arch" value="amd64"/>
    <property name="java.vm.specification.name" value="Java Virtual Machine Specification"/>
    <property name="sun.os.patch.level" value=""/>
    <property name="native.encoding" value="Cp1252"/>
    <property name="java.library.path" value="C:\Program Files\Java\jdk-23\bin;C:\Windows\Sun\Java\bin;C:\Windows\system32;C:\Windows;C:\Python313\Scripts\;C:\Python313\;C:\Program Files\Common Files\Oracle\Java\javapath;C:\Windows\system32;C:\Windows;C:\Windows\System32\Wbem;C:\Windows\System32\WindowsPowerShell\v1.0\;C:\Windows\System32\OpenSSH\;C:\Program Files\nodejs\;C:\ProgramData\chocolatey\bin;C:\Program Files\Microsoft VS Code\bin;C:\Allure\allure-2.33.0\allure-2.33.0\bin;C:\Program Files\Docker\Docker\resources\bin;C:\Program Files\apache-maven-3.9.9\bin;C:\Users\AMD\AppData\Local\Microsoft\WindowsApps;C:\Users\AMD\AppData\Roaming\npm;C:\Users\AMD\AppData\Local\Programs\Git\cmd;."/>
    <property name="java.vm.info" value="mixed mode, sharing"/>
    <property name="stderr.encoding" value="Cp1252"/>
    <property name="java.vendor" value="Oracle Corporation"/>
    <property name="java.vm.version" value="23.0.2+7-58"/>
    <property name="sun.io.unicode.encoding" value="UnicodeLittle"/>
    <property name="java.class.version" value="67.0"/>
  </properties>
  <testcase name="testCreateUserWithContainer" classname="org.example.test.DockerizedWiremockTest" time="0.333">
    <system-err><![CDATA[[main] INFO org.example.test.DockerizedWiremockTest - Configured API client to use Wiremock container at localhost:9090
[main] INFO org.example.service.ApiClient - Sending POST request to: http://localhost:9090/api/users
[main] INFO org.example.service.ApiClient - Request body: {"name":"John Doe","email":"john.doe@example.com","age":30}
[main] INFO org.example.service.ApiClient - Response: {"id":123,"name":"John Doe","email":"john.doe@example.com","createdAt":"2025-05-18T10:30:00Z"}
]]></system-err>
  </testcase>
  <testcase name="testGetUserFromContainer" classname="org.example.test.DockerizedWiremockTest" time="0.01">
    <system-err><![CDATA[[main] INFO org.example.service.ApiClient - Sending GET request to: http://localhost:9090/api/users/1
[main] INFO org.example.service.ApiClient - Response: {"id":1,"name":"Jane Smith","email":"jane.smith@example.com","age":28,"department":"Engineering"}
]]></system-err>
  </testcase>
</testsuite>