<?xml version="1.0" encoding="UTF-8"?>
<!-- Generated by org.testng.reporters.JUnitReportReporter -->
<testsuite hostname="DESKTOP-0C06OPH" failures="0" tests="2" name="org.example.test.DockerizedWiremockTest" time="0.354" errors="0" timestamp="2025-05-19T19:34:51 IST" skipped="0">
  <testcase classname="org.example.test.DockerizedWiremockTest" name="testGetUserFromContainer" time="0.017"/>
  <testcase classname="org.example.test.DockerizedWiremockTest" name="testCreateUserWithContainer" time="0.337"/>
</testsuite> <!-- org.example.test.DockerizedWiremockTest -->
