<?xml version="1.0" encoding="UTF-8"?>
<!-- Generated by org.testng.reporters.JUnitReportReporter -->
<testsuite hostname="DESKTOP-0C06OPH" failures="0" tests="3" name="org.example.test.WiremockTest" time="0.676" errors="0" timestamp="2025-05-19T19:29:58 IST" skipped="0">
  <testcase classname="org.example.test.WiremockTest" name="testGetUserWithProgrammaticStub" time="0.032"/>
  <testcase classname="org.example.test.WiremockTest" name="testGetUserById" time="0.022"/>
  <testcase classname="org.example.test.WiremockTest" name="testCreateUser" time="0.622"/>
</testsuite> <!-- org.example.test.WiremockTest -->
